<?xml version="1.0" encoding="UTF-8"?>
<!-- Generated by org.testng.reporters.JUnitXMLReporter -->
<testsuite ignored="0" hostname="NARAYANA" failures="0" tests="2" name="Test-2" time="43.789" errors="0" timestamp="2022-03-03T12:08:30 IST">
  <testcase classname="com.crmPurchessOrderTest.CreatePurchessOrdTest" name="createPurchessOrdTest" time="27.344"/>
  <testcase classname="com.crmPurchessOrderTest.CreatePurchaseAssGroupSelectSupportGroup" name="createPurchaseAssGroupSelectSupportGroup" time="16.38"/>
</testsuite> <!-- Test-2 -->
