<?xml version="1.0" encoding="UTF-8"?>
<!-- Generated by org.testng.reporters.JUnitXMLReporter -->
<testsuite ignored="0" hostname="NARAYANA" failures="0" tests="2" name="Test-2" time="38.332" errors="0" timestamp="2022-04-17T23:59:58 IST">
  <testcase classname="com.crmPurchessOrderTest.CreatePurchessOrdTest" name="createPurchessOrdTest" time="27.887"/>
  <testcase classname="com.crmPurchessOrderTest.CreatePurchaseAssGroupSelectSupportGroup" name="createPurchaseAssGroupSelectSupportGroup" time="10.388"/>
</testsuite> <!-- Test-2 -->
