<?xml version="1.0" encoding="UTF-8"?>
<!-- Generated by org.testng.reporters.JUnitXMLReporter -->
<testsuite ignored="0" hostname="NARAYANA" failures="0" tests="3" name="Test-1" time="58.653" errors="0" timestamp="2022-03-03T12:08:45 IST">
  <testcase classname="com.crmPurchessOrderTest.CreatePurchaseOrdAssignToSelectGroup" name="createPurchaseOrdAssignToSelectGroup" time="27.375"/>
  <testcase classname="com.crmPurchessOrderTest.CreatePurchaseAssGroupSelectMarketing" name="createPurchaseAssGroupSelectMarketing" time="16.672"/>
  <testcase classname="com.crmPurchessOrderTest.CreatePurchaseAssGroupSelectSelling" name="createPurchaseAssGroupSelectSelling" time="14.545"/>
</testsuite> <!-- Test-1 -->
