<?xml version="1.0" encoding="UTF-8"?>
<!-- Generated by org.testng.reporters.JUnitXMLReporter -->
<testsuite ignored="0" hostname="NARAYANA" failures="0" tests="2" name="Test-Runner-chrome" time="59.411" errors="0" timestamp="2022-03-03T14:35:27 IST">
  <testcase classname="com.crmPurchessOrderTest.CreatePurchaseOrdAssignToSelectGroup" name="createPurchaseOrdAssignToSelectGroup" time="42.09"/>
  <testcase classname="com.crmPurchessOrderTest.CreatePurchaseAssGroupSelectMarketing" name="createPurchaseAssGroupSelectMarketing" time="17.251"/>
</testsuite> <!-- Test-Runner-chrome -->
