<?xml version="1.0" encoding="UTF-8"?>
<!-- Generated by org.testng.reporters.JUnitXMLReporter -->
<testsuite ignored="0" hostname="NARAYANA" failures="0" tests="3" name="Test-1" time="47.76" errors="0" timestamp="2022-04-18T00:00:08 IST">
  <testcase classname="com.crmPurchessOrderTest.CreatePurchaseOrdAssignToSelectGroup" name="createPurchaseOrdAssignToSelectGroup" time="27.887"/>
  <testcase classname="com.crmPurchessOrderTest.CreatePurchaseAssGroupSelectMarketing" name="createPurchaseAssGroupSelectMarketing" time="10.45"/>
  <testcase classname="com.crmPurchessOrderTest.CreatePurchaseAssGroupSelectSelling" name="createPurchaseAssGroupSelectSelling" time="9.367"/>
</testsuite> <!-- Test-1 -->
