<?xml version="1.0" encoding="UTF-8"?>
<!-- Generated by org.testng.reporters.JUnitReportReporter -->
<testsuite hostname="NARAYANA" failures="0" tests="1" name="com.crmContactsTest.CreateContactWithBaseClassTest" time="26.965" errors="0" timestamp="2022-03-11T09:59:55 IST" skipped="0">
  <testcase classname="com.crmContactsTest.CreateContactWithBaseClassTest" name="createContactWithBaseClassTest" time="26.965"/>
  <system-out/>
</testsuite> <!-- com.crmContactsTest.CreateContactWithBaseClassTest -->
