<?xml version="1.0" encoding="UTF-8"?>
<!-- Generated by org.testng.reporters.JUnitReportReporter -->
<testsuite hostname="NARAYANA" failures="0" tests="4" name="com.crmPRACTICE.SampleDataProvider" time="0.014" errors="0" timestamp="2022-02-28T15:33:07 IST" skipped="0">
  <testcase classname="com.crmPRACTICE.SampleDataProvider" name="sampleDataProvider" time="0.009"/>
  <system-out/>
  <testcase classname="com.crmPRACTICE.SampleDataProvider" name="sampleDataProvider" time="0.001"/>
  <system-out/>
  <testcase classname="com.crmPRACTICE.SampleDataProvider" name="sampleDataProvider" time="0.002"/>
  <system-out/>
  <testcase classname="com.crmPRACTICE.SampleDataProvider" name="sampleDataProvider" time="0.002"/>
  <system-out/>
</testsuite> <!-- com.crmPRACTICE.SampleDataProvider -->
