<?xml version="1.0" encoding="UTF-8"?>
<!-- Generated by org.testng.reporters.JUnitReportReporter -->
<testsuite hostname="NARAYANA" failures="0" tests="1" name="com.crmCampaignTest.CreateCampaignTest" time="0.014" errors="0" timestamp="2022-03-02T15:00:12 IST" skipped="0">
  <testcase classname="com.crmCampaignTest.CreateCampaignTest" name="sampleTest1" time="0.014"/>
  <system-out/>
</testsuite> <!-- com.crmCampaignTest.CreateCampaignTest -->
