<?xml version="1.0" encoding="UTF-8"?>
<!-- Generated by org.testng.reporters.JUnitReportReporter -->
<testsuite hostname="NARAYANA" failures="0" tests="1" name="com.crmPRACTICE.DemoOfNavigationTest" time="7.040" errors="0" timestamp="2022-03-14T10:15:05 IST" skipped="0">
  <testcase classname="com.crmPRACTICE.DemoOfNavigationTest" name="demoOfNavigationTest" time="7.040"/>
  <system-out/>
</testsuite> <!-- com.crmPRACTICE.DemoOfNavigationTest -->
