<?xml version="1.0" encoding="UTF-8"?>
<!-- Generated by org.testng.reporters.JUnitReportReporter -->
<testsuite hostname="NARAYANA" failures="0" tests="1" name="com.crmOrganisationTest.CreateOrgnaizationWithPropertyFileTest" time="16.448" errors="0" timestamp="2022-02-17T11:03:18 IST" skipped="0">
  <testcase classname="com.crmOrganisationTest.CreateOrgnaizationWithPropertyFileTest" name="createOrgTest" time="16.448"/>
  <system-out/>
</testsuite> <!-- com.crmOrganisationTest.CreateOrgnaizationWithPropertyFileTest -->
