<?xml version="1.0" encoding="UTF-8"?>
<!-- Generated by org.testng.reporters.JUnitReportReporter -->
<testsuite hostname="NARAYANA" failures="0" tests="2" name="com.crmPurchessOrderTest.CreatePurchaseAssGroupSelectSupportGroup" time="32.968" errors="0" timestamp="2022-03-03T12:38:22 IST" skipped="0">
  <testcase classname="com.crmPurchessOrderTest.CreatePurchaseAssGroupSelectSupportGroup" name="createPurchaseAssGroupSelectSupportGroup" time="16.665"/>
  <system-out/>
  <testcase classname="com.crmPurchessOrderTest.CreatePurchaseAssGroupSelectSupportGroup" name="createPurchaseAssGroupSelectSupportGroup" time="16.303"/>
  <system-out/>
</testsuite> <!-- com.crmPurchessOrderTest.CreatePurchaseAssGroupSelectSupportGroup -->
