<?xml version="1.0" encoding="UTF-8"?>
<!-- Generated by org.testng.reporters.JUnitReportReporter -->
<testsuite hostname="NARAYANA" failures="0" tests="1" name="com.crmPRACTICE.PropertyFilePractice" time="0.013" errors="0" timestamp="2022-02-17T16:30:22 IST" skipped="0">
  <testcase classname="com.crmPRACTICE.PropertyFilePractice" name="propertyFile" time="0.013"/>
  <system-out/>
</testsuite> <!-- com.crmPRACTICE.PropertyFilePractice -->
