<?xml version="1.0" encoding="UTF-8"?>
<!-- Generated by org.testng.reporters.JUnitReportReporter -->
<testsuite hostname="NARAYANA" failures="0" tests="1" name="com.crmPRACTICE.ReadDataFromSuiteXMLfileTest" time="0.012" errors="0" timestamp="2022-04-17T23:58:09 IST" skipped="0">
  <testcase classname="com.crmPRACTICE.ReadDataFromSuiteXMLfileTest" name="readDataFromSuiteXML" time="0.012"/>
  <system-out/>
</testsuite> <!-- com.crmPRACTICE.ReadDataFromSuiteXMLfileTest -->
