<?xml version="1.0" encoding="UTF-8"?>
<!-- Generated by org.testng.reporters.JUnitReportReporter -->
<testsuite hostname="NARAYANA" failures="0" tests="1" name="com.crmPurchessOrderTest.CreatePurchaseAssGroupSelectSupportGroup" time="10.388" errors="0" timestamp="2022-04-18T00:00:08 IST" skipped="0">
  <testcase classname="com.crmPurchessOrderTest.CreatePurchaseAssGroupSelectSupportGroup" name="createPurchaseAssGroupSelectSupportGroup" time="10.388"/>
  <system-out/>
</testsuite> <!-- com.crmPurchessOrderTest.CreatePurchaseAssGroupSelectSupportGroup -->
