<?xml version="1.0" encoding="UTF-8"?>
<!-- Generated by org.testng.reporters.JUnitReportReporter -->
<testsuite hostname="NARAYANA" failures="0" tests="1" name="com.crmPRACTICE.SampleJDBCExecuteUpdate" time="0.359" errors="0" timestamp="2022-02-16T15:09:23 IST" skipped="0">
  <testcase classname="com.crmPRACTICE.SampleJDBCExecuteUpdate" name="sampleJDBCExecuteUpdate" time="0.359"/>
  <system-out/>
</testsuite> <!-- com.crmPRACTICE.SampleJDBCExecuteUpdate -->
