<?xml version="1.0" encoding="UTF-8"?>
<!-- Generated by org.testng.reporters.JUnitReportReporter -->
<testsuite hostname="NARAYANA" failures="0" tests="1" name="com.crmOrganisationTest.CreateOrganizationWithBaseClass" time="18.385" errors="0" timestamp="2022-03-02T16:56:21 IST" skipped="0">
  <testcase classname="com.crmOrganisationTest.CreateOrganizationWithBaseClass" name="createOrganizationWithBaseClass" time="18.385"/>
  <system-out/>
</testsuite> <!-- com.crmOrganisationTest.CreateOrganizationWithBaseClass -->
