<?xml version="1.0" encoding="UTF-8"?>
<!-- Generated by org.testng.reporters.JUnitReportReporter -->
<testsuite hostname="NARAYANA" failures="0" tests="2" name="com.crmPurchessOrderTest.CreatePurchaseAssGroupSelectMarketing" time="34.705" errors="0" timestamp="2022-03-03T14:35:27 IST" skipped="0">
  <testcase classname="com.crmPurchessOrderTest.CreatePurchaseAssGroupSelectMarketing" name="createPurchaseAssGroupSelectMarketing" time="17.251"/>
  <system-out/>
  <testcase classname="com.crmPurchessOrderTest.CreatePurchaseAssGroupSelectMarketing" name="createPurchaseAssGroupSelectMarketing" time="17.454"/>
  <system-out/>
</testsuite> <!-- com.crmPurchessOrderTest.CreatePurchaseAssGroupSelectMarketing -->
