<?xml version="1.0" encoding="UTF-8"?>
<!-- Generated by org.testng.reporters.JUnitReportReporter -->
<testsuite hostname="NARAYANA" failures="0" tests="1" name="com.crmPRACTICE.FireFoxTest" time="10.717" errors="0" timestamp="2022-03-03T13:15:46 IST" skipped="0">
  <testcase classname="com.crmPRACTICE.FireFoxTest" name="firefox" time="10.717"/>
  <system-out/>
</testsuite> <!-- com.crmPRACTICE.FireFoxTest -->
