<?xml version="1.0" encoding="UTF-8"?>
<!-- Generated by org.testng.reporters.JUnitReportReporter -->
<testsuite hostname="NARAYANA" failures="0" tests="6" name="com.crmPRACTICE.DataProviderSample" time="0.015" errors="0" timestamp="2022-02-28T15:42:46 IST" skipped="0">
  <testcase classname="com.crmPRACTICE.DataProviderSample" name="dataProviderSample" time="0.001"/>
  <system-out/>
  <testcase classname="com.crmPRACTICE.DataProviderSample" name="dataProviderSample" time="0.002"/>
  <system-out/>
  <testcase classname="com.crmPRACTICE.DataProviderSample" name="dataProviderSample" time="0.001"/>
  <system-out/>
  <testcase classname="com.crmPRACTICE.DataProviderSample" name="dataProviderSample" time="0.001"/>
  <system-out/>
  <testcase classname="com.crmPRACTICE.DataProviderSample" name="dataProviderSample" time="0.001"/>
  <system-out/>
  <testcase classname="com.crmPRACTICE.DataProviderSample" name="dataProviderSample" time="0.009"/>
  <system-out/>
</testsuite> <!-- com.crmPRACTICE.DataProviderSample -->
