<?xml version="1.0" encoding="UTF-8"?>
<!-- Generated by org.testng.reporters.JUnitReportReporter -->
<testsuite hostname="NARAYANA" failures="0" tests="1" name="com.crmOrganisationTest.CreateOrganizationTest" time="5.357" errors="0" timestamp="2022-03-02T11:36:15 IST" skipped="0">
  <testcase classname="com.crmOrganisationTest.CreateOrganizationTest" name="createOrganizationTest" time="5.357"/>
  <system-out/>
</testsuite> <!-- com.crmOrganisationTest.CreateOrganizationTest -->
