<?xml version="1.0" encoding="UTF-8"?>
<!-- Generated by org.testng.reporters.JUnitReportReporter -->
<testsuite hostname="NARAYANA" failures="0" tests="1" name="com.crmContactsTest.CreateContactWithOrgTest" time="27.144" errors="0" timestamp="2022-02-22T21:14:30 IST" skipped="0">
  <testcase classname="com.crmContactsTest.CreateContactWithOrgTest" name="ctreateOrgTest" time="27.144"/>
  <system-out/>
</testsuite> <!-- com.crmContactsTest.CreateContactWithOrgTest -->
