<?xml version="1.0" encoding="UTF-8"?>
<!-- Generated by org.testng.reporters.JUnitReportReporter -->
<testsuite hostname="NARAYANA" failures="0" tests="1" name="com.crmPRACTICE.SampleJDBCExcutorQuery" time="0.383" errors="0" timestamp="2022-02-16T14:57:11 IST" skipped="0">
  <testcase classname="com.crmPRACTICE.SampleJDBCExcutorQuery" name="sampleJDBCExecutorQuery" time="0.383"/>
  <system-out/>
</testsuite> <!-- com.crmPRACTICE.SampleJDBCExcutorQuery -->
