<?xml version="1.0" encoding="UTF-8"?>
<!-- Generated by org.testng.reporters.JUnitReportReporter -->
<testsuite hostname="NARAYANA" failures="0" tests="1" name="com.crmPRACTICE.BookIndigoFlight" time="9.795" errors="0" timestamp="2022-03-11T10:00:28 IST" skipped="0">
  <testcase classname="com.crmPRACTICE.BookIndigoFlight" name="bookIndigoFlight" time="9.795"/>
  <system-out/>
</testsuite> <!-- com.crmPRACTICE.BookIndigoFlight -->
