<?xml version="1.0" encoding="UTF-8"?>
<!-- Generated by org.testng.reporters.JUnitReportReporter -->
<testsuite hostname="NARAYANA" failures="0" tests="1" name="com.crmPRACTICE.DataVerification" time="0.447" errors="0" timestamp="2022-02-16T15:16:53 IST" skipped="0">
  <testcase classname="com.crmPRACTICE.DataVerification" name="dataVerification" time="0.447"/>
  <system-out/>
</testsuite> <!-- com.crmPRACTICE.DataVerification -->
