<?xml version="1.0" encoding="UTF-8"?>
<!-- Generated by org.testng.reporters.JUnitReportReporter -->
<testsuite hostname="NARAYANA" failures="0" tests="1" name="com.crmPRACTICE.WriteDataIntoExcleTest" time="1.322" errors="0" timestamp="2022-02-18T10:55:55 IST" skipped="0">
  <testcase classname="com.crmPRACTICE.WriteDataIntoExcleTest" name="writeDataIntoExcleTest" time="1.322"/>
  <system-out/>
</testsuite> <!-- com.crmPRACTICE.WriteDataIntoExcleTest -->
