<?xml version="1.0" encoding="UTF-8"?>
<!-- Generated by org.testng.reporters.JUnitReportReporter -->
<testsuite hostname="NARAYANA" failures="0" tests="1" name="com.crmPRACTICE.PracticesForGenericUtils" time="0.044" errors="0" timestamp="2022-02-21T14:58:49 IST" skipped="0">
  <testcase classname="com.crmPRACTICE.PracticesForGenericUtils" name="practice" time="0.044"/>
  <system-out/>
</testsuite> <!-- com.crmPRACTICE.PracticesForGenericUtils -->
