<?xml version="1.0" encoding="UTF-8"?>
<!-- Generated by org.testng.reporters.JUnitReportReporter -->
<testsuite hostname="NARAYANA" failures="0" tests="2" name="com.crmPurchessOrderTest.CreatePurchaseAssGroupSelectSelling" time="33.847" errors="0" timestamp="2022-03-03T12:38:22 IST" skipped="0">
  <testcase classname="com.crmPurchessOrderTest.CreatePurchaseAssGroupSelectSelling" name="createPurchaseAssGroupSelectSelling" time="17.523"/>
  <system-out/>
  <testcase classname="com.crmPurchessOrderTest.CreatePurchaseAssGroupSelectSelling" name="createPurchaseAssGroupSelectSelling" time="16.324"/>
  <system-out/>
</testsuite> <!-- com.crmPurchessOrderTest.CreatePurchaseAssGroupSelectSelling -->
