<?xml version="1.0" encoding="UTF-8"?>
<!-- Generated by org.testng.reporters.JUnitReportReporter -->
<testsuite hostname="NARAYANA" failures="0" tests="1" name="com.crmOrganisationTest.CreateOrgWithMultipleDataTest" time="0.000" errors="0" timestamp="2022-03-02T16:56:44 IST" skipped="1">
  <testcase classname="com.crmOrganisationTest.CreateOrgWithMultipleDataTest" name="createOrgWithMltipleData" time="0.000">
    <skipped/>
  </testcase> <!-- createOrgWithMltipleData -->
  <system-out/>
</testsuite> <!-- com.crmOrganisationTest.CreateOrgWithMultipleDataTest -->
