<?xml version="1.0" encoding="UTF-8"?>
<!-- Generated by org.testng.reporters.JUnitReportReporter -->
<testsuite hostname="NARAYANA" failures="0" tests="1" name="com.crmPurchessOrderTest.CreatePurchaseOrdAssignToSelectGroup" time="27.887" errors="0" timestamp="2022-04-18T00:00:08 IST" skipped="0">
  <testcase classname="com.crmPurchessOrderTest.CreatePurchaseOrdAssignToSelectGroup" name="createPurchaseOrdAssignToSelectGroup" time="27.887"/>
  <system-out/>
</testsuite> <!-- com.crmPurchessOrderTest.CreatePurchaseOrdAssignToSelectGroup -->
