<?xml version="1.0" encoding="UTF-8"?>
<!-- Generated by org.testng.reporters.JUnitReportReporter -->
<testsuite hostname="NARAYANA" failures="0" tests="1" name="com.crm.OpportunityTest.CreateOpportunityWithOrgAndCampaginTest" time="54.835" errors="0" timestamp="2022-02-23T10:45:02 IST" skipped="0">
  <testcase classname="com.crm.OpportunityTest.CreateOpportunityWithOrgAndCampaginTest" name="createOpportunityWithOrgAndCampaginTest" time="54.835"/>
  <system-out/>
</testsuite> <!-- com.crm.OpportunityTest.CreateOpportunityWithOrgAndCampaginTest -->
