<?xml version="1.0" encoding="UTF-8"?>
<!-- Generated by org.testng.reporters.JUnitReportReporter -->
<testsuite hostname="NARAYANA" failures="0" tests="1" name="com.crmPurchessOrderTest.CreatePurchaseAssGroupSelectSelling" time="9.367" errors="0" timestamp="2022-04-18T00:00:08 IST" skipped="0">
  <testcase classname="com.crmPurchessOrderTest.CreatePurchaseAssGroupSelectSelling" name="createPurchaseAssGroupSelectSelling" time="9.367"/>
  <system-out/>
</testsuite> <!-- com.crmPurchessOrderTest.CreatePurchaseAssGroupSelectSelling -->
