<?xml version="1.0" encoding="UTF-8"?>
<!-- Generated by org.testng.reporters.JUnitReportReporter -->
<testsuite hostname="NARAYANA" failures="0" tests="1" name="com.crmPRACTICE.ReadDataFromSuiteXMLfileTest" time="0.016" errors="0" timestamp="2022-02-17T15:21:13 IST" skipped="0">
  <testcase classname="com.crmPRACTICE.ReadDataFromSuiteXMLfileTest" name="readDataFromSuiteXML" time="0.016"/>
  <system-out/>
</testsuite> <!-- com.crmPRACTICE.ReadDataFromSuiteXMLfileTest -->
