<?xml version="1.0" encoding="UTF-8"?>
<!-- Generated by org.testng.reporters.JUnitReportReporter -->
<testsuite hostname="NARAYANA" failures="0" tests="1" name="com.crmPRACTICE.ReadDataFromExcleTest" time="0.854" errors="0" timestamp="2022-02-17T16:38:06 IST" skipped="0">
  <testcase classname="com.crmPRACTICE.ReadDataFromExcleTest" name="readDataFromExcleTest" time="0.854"/>
  <system-out/>
</testsuite> <!-- com.crmPRACTICE.ReadDataFromExcleTest -->
