<?xml version="1.0" encoding="UTF-8"?>
<!-- Generated by org.testng.reporters.JUnitReportReporter -->
<testsuite hostname="NARAYANA" failures="0" tests="1" name="com.crmPRACTICE.ReadDataFromComndLineTest" time="0.017" errors="0" timestamp="2022-02-17T12:56:47 IST" skipped="0">
  <testcase classname="com.crmPRACTICE.ReadDataFromComndLineTest" name="readDataFromComndLine" time="0.017"/>
  <system-out/>
</testsuite> <!-- com.crmPRACTICE.ReadDataFromComndLineTest -->
