<?xml version="1.0" encoding="UTF-8"?>
<!-- Generated by org.testng.reporters.JUnitReportReporter -->
<testsuite hostname="NARAYANA" failures="0" tests="2" name="com.crmPurchessOrderTest.CreatePurchaseOrdAssignToSelectGroup" time="84.135" errors="0" timestamp="2022-03-03T14:35:27 IST" skipped="0">
  <testcase classname="com.crmPurchessOrderTest.CreatePurchaseOrdAssignToSelectGroup" name="createPurchaseOrdAssignToSelectGroup" time="42.045"/>
  <system-out/>
  <testcase classname="com.crmPurchessOrderTest.CreatePurchaseOrdAssignToSelectGroup" name="createPurchaseOrdAssignToSelectGroup" time="42.090"/>
  <system-out/>
</testsuite> <!-- com.crmPurchessOrderTest.CreatePurchaseOrdAssignToSelectGroup -->
